# JRE version: OpenJDK Runtime Environment Temurin-17.0.7+7 (17.0.7+7) (build 17.0.7+7)
# Java VM: OpenJDK 64-Bit Server VM Temurin-17.0.7+7 (17.0.7+7, mixed mode, sharing, tiered, compressed oops, compressed class ptrs, g1 gc, windows-amd64)
GC Precious Log:
 CPUs: 8 total, 8 available
 Memory: 8023M
 Large Page Support: Disabled
 NUMA Support: Disabled
 Compressed Oops: Enabled (Zero based)
 Heap Region Size: 2M
 Heap Min Capacity: 512M
 Heap Initial Capacity: 512M
 Heap Max Capacity: 4072M
 Pre-touch: Disabled
 Parallel Workers: 8
 Concurrent Workers: 2
 Concurrent Refinement Workers: 8
 Periodic GC: Disabled
 String Deduplication is enabled
Heap:
 garbage-first heap   total 524288K, used 98891K [0x0000000701800000, 0x0000000800000000)
  region size 2048K, 1 young (2048K), 1 survivors (2048K)
 Metaspace       used 82610K, committed 83328K, reserved 1179648K
  class space    used 11626K, committed 11968K, reserved 1048576K
GC Heap History (20 events):
Event: 616.518 GC heap after
{Heap after GC invocations=34 (full 5):
 garbage-first heap   total 768000K, used 105782K [0x0000000701800000, 0x0000000800000000)
  region size 2048K, 1 young (2048K), 1 survivors (2048K)
 Metaspace       used 82514K, committed 83200K, reserved 1179648K
  class space    used 11621K, committed 11968K, reserved 1048576K
}
Event: 617.777 GC heap before
{Heap before GC invocations=34 (full 5):
 garbage-first heap   total 768000K, used 185654K [0x0000000701800000, 0x0000000800000000)
  region size 2048K, 40 young (81920K), 1 survivors (2048K)
 Metaspace       used 82527K, committed 83200K, reserved 1179648K
  class space    used 11621K, committed 11968K, reserved 1048576K
}
Event: 617.796 GC heap after
{Heap after GC invocations=35 (full 5):
 garbage-first heap   total 768000K, used 105765K [0x0000000701800000, 0x0000000800000000)
  region size 2048K, 1 young (2048K), 1 survivors (2048K)
 Metaspace       used 82527K, committed 83200K, reserved 1179648K
  class space    used 11621K, committed 11968K, reserved 1048576K
}
Event: 617.842 GC heap before
{Heap before GC invocations=35 (full 5):
 garbage-first heap   total 768000K, used 105765K [0x0000000701800000, 0x0000000800000000)
  region size 2048K, 2 young (4096K), 1 survivors (2048K)
 Metaspace       used 82530K, committed 83200K, reserved 1179648K
  class space    used 11621K, committed 11968K, reserved 1048576K
}
Event: 619.156 GC heap after
{Heap after GC invocations=36 (full 6):
 garbage-first heap   total 524288K, used 98751K [0x0000000701800000, 0x0000000800000000)
  region size 2048K, 0 young (0K), 0 survivors (0K)
 Metaspace       used 82530K, committed 83200K, reserved 1179648K
  class space    used 11621K, committed 11968K, reserved 1048576K
}
Event: 621.000 GC heap before
{Heap before GC invocations=36 (full 6):
 garbage-first heap   total 524288K, used 180671K [0x0000000701800000, 0x0000000800000000)
  region size 2048K, 40 young (81920K), 0 survivors (0K)
 Metaspace       used 82557K, committed 83264K, reserved 1179648K
  class space    used 11626K, committed 11968K, reserved 1048576K
}
Event: 621.002 GC heap after
{Heap after GC invocations=37 (full 6):
 garbage-first heap   total 524288K, used 98928K [0x0000000701800000, 0x0000000800000000)
  region size 2048K, 1 young (2048K), 1 survivors (2048K)
 Metaspace       used 82557K, committed 83264K, reserved 1179648K
  class space    used 11626K, committed 11968K, reserved 1048576K
}
Event: 623.186 GC heap before
{Heap before GC invocations=37 (full 6):
 garbage-first heap   total 524288K, used 178800K [0x0000000701800000, 0x0000000800000000)
  region size 2048K, 40 young (81920K), 1 survivors (2048K)
 Metaspace       used 82577K, committed 83264K, reserved 1179648K
  class space    used 11626K, committed 11968K, reserved 1048576K
}
Event: 623.196 GC heap after
{Heap after GC invocations=38 (full 6):
 garbage-first heap   total 524288K, used 98929K [0x0000000701800000, 0x0000000800000000)
  region size 2048K, 1 young (2048K), 1 survivors (2048K)
 Metaspace       used 82577K, committed 83264K, reserved 1179648K
  class space    used 11626K, committed 11968K, reserved 1048576K
}
Event: 623.957 GC heap before
{Heap before GC invocations=38 (full 6):
 garbage-first heap   total 524288K, used 135793K [0x0000000701800000, 0x0000000800000000)
  region size 2048K, 20 young (40960K), 1 survivors (2048K)
 Metaspace       used 82580K, committed 83264K, reserved 1179648K
  class space    used 11626K, committed 11968K, reserved 1048576K
}
Event: 624.092 GC heap after
{Heap after GC invocations=39 (full 7):
 garbage-first heap   total 524288K, used 98769K [0x0000000701800000, 0x0000000800000000)
  region size 2048K, 0 young (0K), 0 survivors (0K)
 Metaspace       used 82580K, committed 83264K, reserved 1179648K
  class space    used 11626K, committed 11968K, reserved 1048576K
}
Event: 624.983 GC heap before
{Heap before GC invocations=39 (full 7):
 garbage-first heap   total 524288K, used 180689K [0x0000000701800000, 0x0000000800000000)
  region size 2048K, 40 young (81920K), 0 survivors (0K)
 Metaspace       used 82587K, committed 83264K, reserved 1179648K
  class space    used 11626K, committed 11968K, reserved 1048576K
}
Event: 624.984 GC heap after
{Heap after GC invocations=40 (full 7):
 garbage-first heap   total 524288K, used 98888K [0x0000000701800000, 0x0000000800000000)
  region size 2048K, 1 young (2048K), 1 survivors (2048K)
 Metaspace       used 82587K, committed 83264K, reserved 1179648K
  class space    used 11626K, committed 11968K, reserved 1048576K
}
Event: 626.646 GC heap before
{Heap before GC invocations=40 (full 7):
 garbage-first heap   total 524288K, used 178760K [0x0000000701800000, 0x0000000800000000)
  region size 2048K, 40 young (81920K), 1 survivors (2048K)
 Metaspace       used 82598K, committed 83264K, reserved 1179648K
  class space    used 11626K, committed 11968K, reserved 1048576K
}
Event: 626.647 GC heap after
{Heap after GC invocations=41 (full 7):
 garbage-first heap   total 524288K, used 98928K [0x0000000701800000, 0x0000000800000000)
  region size 2048K, 1 young (2048K), 1 survivors (2048K)
 Metaspace       used 82598K, committed 83264K, reserved 1179648K
  class space    used 11626K, committed 11968K, reserved 1048576K
}
Event: 628.319 GC heap before
{Heap before GC invocations=41 (full 7):
 garbage-first heap   total 524288K, used 178800K [0x0000000701800000, 0x0000000800000000)
  region size 2048K, 40 young (81920K), 1 survivors (2048K)
 Metaspace       used 82603K, committed 83264K, reserved 1179648K
  class space    used 11626K, committed 11968K, reserved 1048576K
}
Event: 628.320 GC heap after
{Heap after GC invocations=42 (full 7):
 garbage-first heap   total 524288K, used 98927K [0x0000000701800000, 0x0000000800000000)
  region size 2048K, 1 young (2048K), 1 survivors (2048K)
 Metaspace       used 82603K, committed 83264K, reserved 1179648K
  class space    used 11626K, committed 11968K, reserved 1048576K
}
Event: 629.095 GC heap before
{Heap before GC invocations=42 (full 7):
 garbage-first heap   total 524288K, used 152175K [0x0000000701800000, 0x0000000800000000)
  region size 2048K, 28 young (57344K), 1 survivors (2048K)
 Metaspace       used 82609K, committed 83328K, reserved 1179648K
  class space    used 11626K, committed 11968K, reserved 1048576K
}
Event: 629.155 GC heap after
{Heap after GC invocations=43 (full 8):
 garbage-first heap   total 524288K, used 98772K [0x0000000701800000, 0x0000000800000000)
  region size 2048K, 0 young (0K), 0 survivors (0K)
 Metaspace       used 82609K, committed 83328K, reserved 1179648K
  class space    used 11626K, committed 11968K, reserved 1048576K
}
Event: 630.094 GC heap before
{Heap before GC invocations=43 (full 8):
 garbage-first heap   total 524288K, used 180692K [0x0000000701800000, 0x0000000800000000)
  region size 2048K, 40 young (81920K), 0 survivors (0K)
 Metaspace       used 82610K, committed 83328K, reserved 1179648K
  class space    used 11626K, committed 11968K, reserved 1048576K
}

