# JRE version: OpenJDK Runtime Environment Temurin-17.0.7+7 (17.0.7+7) (build 17.0.7+7)
# Java VM: OpenJDK 64-Bit Server VM Temurin-17.0.7+7 (17.0.7+7, mixed mode, sharing, tiered, compressed oops, compressed class ptrs, g1 gc, windows-amd64)
GC Precious Log:
 CPUs: 8 total, 8 available
 Memory: 8023M
 Large Page Support: Disabled
 NUMA Support: Disabled
 Compressed Oops: Enabled (Zero based)
 Heap Region Size: 2M
 Heap Min Capacity: 512M
 Heap Initial Capacity: 512M
 Heap Max Capacity: 4072M
 Pre-touch: Disabled
 Parallel Workers: 8
 Concurrent Workers: 2
 Concurrent Refinement Workers: 8
 Periodic GC: Disabled
 String Deduplication is enabled
Heap:
 garbage-first heap   total 524288K, used 99876K [0x0000000701800000, 0x0000000800000000)
  region size 2048K, 9 young (18432K), 0 survivors (0K)
 Metaspace       used 81689K, committed 82368K, reserved 1179648K
  class space    used 11527K, committed 11840K, reserved 1048576K
GC Heap History (20 events):
Event: 1473.854 GC heap before
{Heap before GC invocations=19 (full 2):
 garbage-first heap   total 524288K, used 156580K [0x0000000701800000, 0x0000000800000000)
  region size 2048K, 40 young (81920K), 1 survivors (2048K)
 Metaspace       used 72911K, committed 73408K, reserved 1114112K
  class space    used 10365K, committed 10624K, reserved 1048576K
}
Event: 1473.857 GC heap after
{Heap after GC invocations=20 (full 2):
 garbage-first heap   total 524288K, used 75948K [0x0000000701800000, 0x0000000800000000)
  region size 2048K, 1 young (2048K), 1 survivors (2048K)
 Metaspace       used 72911K, committed 73408K, reserved 1114112K
  class space    used 10365K, committed 10624K, reserved 1048576K
}
Event: 1475.289 GC heap before
{Heap before GC invocations=20 (full 2):
 garbage-first heap   total 524288K, used 155820K [0x0000000701800000, 0x0000000800000000)
  region size 2048K, 40 young (81920K), 1 survivors (2048K)
 Metaspace       used 73234K, committed 73792K, reserved 1114112K
  class space    used 10370K, committed 10624K, reserved 1048576K
}
Event: 1475.291 GC heap after
{Heap after GC invocations=21 (full 2):
 garbage-first heap   total 524288K, used 76040K [0x0000000701800000, 0x0000000800000000)
  region size 2048K, 1 young (2048K), 1 survivors (2048K)
 Metaspace       used 73234K, committed 73792K, reserved 1114112K
  class space    used 10370K, committed 10624K, reserved 1048576K
}
Event: 1483.593 GC heap before
{Heap before GC invocations=21 (full 2):
 garbage-first heap   total 524288K, used 155912K [0x0000000701800000, 0x0000000800000000)
  region size 2048K, 41 young (83968K), 1 survivors (2048K)
 Metaspace       used 75371K, committed 76032K, reserved 1179648K
  class space    used 10711K, committed 11008K, reserved 1048576K
}
Event: 1483.599 GC heap after
{Heap after GC invocations=22 (full 2):
 garbage-first heap   total 524288K, used 78846K [0x0000000701800000, 0x0000000800000000)
  region size 2048K, 2 young (4096K), 2 survivors (4096K)
 Metaspace       used 75371K, committed 76032K, reserved 1179648K
  class space    used 10711K, committed 11008K, reserved 1048576K
}
Event: 1488.577 GC heap before
{Heap before GC invocations=22 (full 2):
 garbage-first heap   total 524288K, used 156670K [0x0000000701800000, 0x0000000800000000)
  region size 2048K, 40 young (81920K), 2 survivors (4096K)
 Metaspace       used 75649K, committed 76288K, reserved 1179648K
  class space    used 10728K, committed 11008K, reserved 1048576K
}
Event: 1488.581 GC heap after
{Heap after GC invocations=23 (full 2):
 garbage-first heap   total 524288K, used 79177K [0x0000000701800000, 0x0000000800000000)
  region size 2048K, 2 young (4096K), 2 survivors (4096K)
 Metaspace       used 75649K, committed 76288K, reserved 1179648K
  class space    used 10728K, committed 11008K, reserved 1048576K
}
Event: 1504.904 GC heap before
{Heap before GC invocations=23 (full 2):
 garbage-first heap   total 524288K, used 157001K [0x0000000701800000, 0x0000000800000000)
  region size 2048K, 40 young (81920K), 2 survivors (4096K)
 Metaspace       used 76200K, committed 76800K, reserved 1179648K
  class space    used 10741K, committed 11008K, reserved 1048576K
}
Event: 1504.909 GC heap after
{Heap after GC invocations=24 (full 2):
 garbage-first heap   total 524288K, used 79975K [0x0000000701800000, 0x0000000800000000)
  region size 2048K, 3 young (6144K), 3 survivors (6144K)
 Metaspace       used 76200K, committed 76800K, reserved 1179648K
  class space    used 10741K, committed 11008K, reserved 1048576K
}
Event: 1510.865 GC heap before
{Heap before GC invocations=24 (full 2):
 garbage-first heap   total 524288K, used 155751K [0x0000000701800000, 0x0000000800000000)
  region size 2048K, 40 young (81920K), 3 survivors (6144K)
 Metaspace       used 76427K, committed 77056K, reserved 1179648K
  class space    used 10762K, committed 11072K, reserved 1048576K
}
Event: 1510.870 GC heap after
{Heap after GC invocations=25 (full 2):
 garbage-first heap   total 524288K, used 80289K [0x0000000701800000, 0x0000000800000000)
  region size 2048K, 3 young (6144K), 3 survivors (6144K)
 Metaspace       used 76427K, committed 77056K, reserved 1179648K
  class space    used 10762K, committed 11072K, reserved 1048576K
}
Event: 1516.351 GC heap before
{Heap before GC invocations=25 (full 2):
 garbage-first heap   total 524288K, used 156065K [0x0000000701800000, 0x0000000800000000)
  region size 2048K, 40 young (81920K), 3 survivors (6144K)
 Metaspace       used 77787K, committed 78464K, reserved 1179648K
  class space    used 11017K, committed 11328K, reserved 1048576K
}
Event: 1516.358 GC heap after
{Heap after GC invocations=26 (full 2):
 garbage-first heap   total 524288K, used 83273K [0x0000000701800000, 0x0000000800000000)
  region size 2048K, 4 young (8192K), 4 survivors (8192K)
 Metaspace       used 77787K, committed 78464K, reserved 1179648K
  class space    used 11017K, committed 11328K, reserved 1048576K
}
Event: 1517.846 GC heap before
{Heap before GC invocations=26 (full 2):
 garbage-first heap   total 524288K, used 157001K [0x0000000701800000, 0x0000000800000000)
  region size 2048K, 40 young (81920K), 4 survivors (8192K)
 Metaspace       used 79198K, committed 79808K, reserved 1179648K
  class space    used 11143K, committed 11456K, reserved 1048576K
}
Event: 1517.854 GC heap after
{Heap after GC invocations=27 (full 2):
 garbage-first heap   total 524288K, used 85554K [0x0000000701800000, 0x0000000800000000)
  region size 2048K, 4 young (8192K), 4 survivors (8192K)
 Metaspace       used 79198K, committed 79808K, reserved 1179648K
  class space    used 11143K, committed 11456K, reserved 1048576K
}
Event: 1518.984 GC heap before
{Heap before GC invocations=27 (full 2):
 garbage-first heap   total 524288K, used 114226K [0x0000000701800000, 0x0000000800000000)
  region size 2048K, 19 young (38912K), 4 survivors (8192K)
 Metaspace       used 81633K, committed 82304K, reserved 1179648K
  class space    used 11525K, committed 11840K, reserved 1048576K
}
Event: 1519.052 GC heap after
{Heap after GC invocations=28 (full 3):
 garbage-first heap   total 524288K, used 85172K [0x0000000701800000, 0x0000000800000000)
  region size 2048K, 0 young (0K), 0 survivors (0K)
 Metaspace       used 81633K, committed 82304K, reserved 1179648K
  class space    used 11525K, committed 11840K, reserved 1048576K
}
Event: 1520.056 GC heap before
{Heap before GC invocations=28 (full 3):
 garbage-first heap   total 524288K, used 87220K [0x0000000701800000, 0x0000000800000000)
  region size 2048K, 2 young (4096K), 0 survivors (0K)
 Metaspace       used 81644K, committed 82304K, reserved 1179648K
  class space    used 11526K, committed 11840K, reserved 1048576K
}
Event: 1520.110 GC heap after
{Heap after GC invocations=29 (full 4):
 garbage-first heap   total 524288K, used 83492K [0x0000000701800000, 0x0000000800000000)
  region size 2048K, 0 young (0K), 0 survivors (0K)
 Metaspace       used 81644K, committed 82304K, reserved 1179648K
  class space    used 11526K, committed 11840K, reserved 1048576K
}

